<?xml version="1.0" encoding="UTF-8"?>
<testsuite xmlns:xsi="http://www.w3.org/2001/XMLSchema-instance" xsi:noNamespaceSchemaLocation="https://maven.apache.org/surefire/maven-surefire-plugin/xsd/surefire-test-report-3.0.xsd" version="3.0" name="net.openhft.chronicle.wire.dynenum.WireDynamicEnumTest" time="0.906" tests="1" errors="0" skipped="0" failures="1">
  <properties>
    <property name="awt.toolkit" value="sun.awt.X11.XToolkit"/>
    <property name="project.build.directory" value="/home/zhilinw3/Chronicle-Wire/target"/>
    <property name="file.encoding.pkg" value="sun.io"/>
    <property name="java.specification.version" value="1.8"/>
    <property name="nondexStart" value="0"/>
    <property name="sun.cpu.isalist" value=""/>
    <property name="sun.jnu.encoding" value="UTF-8"/>
    <property name="jvm.safepoint.enabled" value="false"/>
    <property name="java.class.path" value="/home/zhilinw3/Chronicle-Wire/target/test-classes:/home/zhilinw3/Chronicle-Wire/target/classes:/home/zhilinw3/.m2/repository/net/openhft/chronicle-core/2.22ea3/chronicle-core-2.22ea3.jar:/home/zhilinw3/.m2/repository/net/openhft/chronicle-analytics/2.22ea3/chronicle-analytics-2.22ea3.jar:/home/zhilinw3/.m2/repository/org/slf4j/slf4j-api/1.7.30/slf4j-api-1.7.30.jar:/home/zhilinw3/.m2/repository/net/openhft/chronicle-bytes/2.22ea1/chronicle-bytes-2.22ea1.jar:/home/zhilinw3/.m2/repository/net/openhft/chronicle-threads/2.22ea1/chronicle-threads-2.22ea1.jar:/home/zhilinw3/.m2/repository/net/openhft/affinity/3.21ea5/affinity-3.21ea5.jar:/home/zhilinw3/.m2/repository/net/java/dev/jna/jna/5.5.0/jna-5.5.0.jar:/home/zhilinw3/.m2/repository/net/java/dev/jna/jna-platform/5.5.0/jna-platform-5.5.0.jar:/home/zhilinw3/.m2/repository/net/openhft/compiler/2.21ea1/compiler-2.21ea1.jar:/home/zhilinw3/.m2/repository/org/jetbrains/annotations/21.0.1/annotations-21.0.1.jar:/home/zhilinw3/.m2/repository/junit/junit/4.13.2/junit-4.13.2.jar:/home/zhilinw3/.m2/repository/org/hamcrest/hamcrest-core/1.3/hamcrest-core-1.3.jar:/home/zhilinw3/.m2/repository/org/slf4j/slf4j-simple/1.7.30/slf4j-simple-1.7.30.jar:/home/zhilinw3/.m2/repository/org/easymock/easymock/4.3/easymock-4.3.jar:/home/zhilinw3/.m2/repository/org/objenesis/objenesis/3.2/objenesis-3.2.jar:/home/zhilinw3/.m2/repository/org/yaml/snakeyaml/1.26/snakeyaml-1.26.jar::/home/zhilinw3/Chronicle-Wire/target/surefire/surefirebooter2044087731707923362.jar"/>
    <property name="java.vm.vendor" value="Private Build"/>
    <property name="nondexPrintstack" value="false"/>
    <property name="sun.arch.data.model" value="64"/>
    <property name="java.vendor.url" value="http://java.oracle.com/"/>
    <property name="user.timezone" value="UTC"/>
    <property name="java.vm.specification.version" value="1.8"/>
    <property name="os.name" value="Linux"/>
    <property name="strict.discard.warning" value="true"/>
    <property name="user.country" value="US"/>
    <property name="sun.java.launcher" value="SUN_STANDARD"/>
    <property name="sun.boot.library.path" value="/usr/lib/jvm/java-8-openjdk-amd64/jre/lib/amd64"/>
    <property name="sun.java.command" value="/home/zhilinw3/Chronicle-Wire/target/surefire/surefirebooter2044087731707923362.jar /home/zhilinw3/Chronicle-Wire/target/surefire 2021-08-31T16-49-00_047-jvmRun1 surefire4067553120938056288tmp surefire_18213964394323357055tmp"/>
    <property name="nondexLogging" value="CONFIG"/>
    <property name="test" value="net.openhft.chronicle.wire.dynenum.WireDynamicEnumTest#deserialize2"/>
    <property name="surefire.test.class.path" value="/home/zhilinw3/Chronicle-Wire/target/test-classes:/home/zhilinw3/Chronicle-Wire/target/classes:/home/zhilinw3/.m2/repository/net/openhft/chronicle-core/2.22ea3/chronicle-core-2.22ea3.jar:/home/zhilinw3/.m2/repository/net/openhft/chronicle-analytics/2.22ea3/chronicle-analytics-2.22ea3.jar:/home/zhilinw3/.m2/repository/org/slf4j/slf4j-api/1.7.30/slf4j-api-1.7.30.jar:/home/zhilinw3/.m2/repository/net/openhft/chronicle-bytes/2.22ea1/chronicle-bytes-2.22ea1.jar:/home/zhilinw3/.m2/repository/net/openhft/chronicle-threads/2.22ea1/chronicle-threads-2.22ea1.jar:/home/zhilinw3/.m2/repository/net/openhft/affinity/3.21ea5/affinity-3.21ea5.jar:/home/zhilinw3/.m2/repository/net/java/dev/jna/jna/5.5.0/jna-5.5.0.jar:/home/zhilinw3/.m2/repository/net/java/dev/jna/jna-platform/5.5.0/jna-platform-5.5.0.jar:/home/zhilinw3/.m2/repository/net/openhft/compiler/2.21ea1/compiler-2.21ea1.jar:/home/zhilinw3/.m2/repository/org/jetbrains/annotations/21.0.1/annotations-21.0.1.jar:/home/zhilinw3/.m2/repository/junit/junit/4.13.2/junit-4.13.2.jar:/home/zhilinw3/.m2/repository/org/hamcrest/hamcrest-core/1.3/hamcrest-core-1.3.jar:/home/zhilinw3/.m2/repository/org/slf4j/slf4j-simple/1.7.30/slf4j-simple-1.7.30.jar:/home/zhilinw3/.m2/repository/org/easymock/easymock/4.3/easymock-4.3.jar:/home/zhilinw3/.m2/repository/org/objenesis/objenesis/3.2/objenesis-3.2.jar:/home/zhilinw3/.m2/repository/org/yaml/snakeyaml/1.26/snakeyaml-1.26.jar:"/>
    <property name="nondexExecid" value="EL7z8T0r+WQaRTLvR2xRB9QSHXpq3LzCYl40rwN9A4="/>
    <property name="sun.cpu.endian" value="little"/>
    <property name="user.home" value="/home/zhilinw3"/>
    <property name="user.language" value="en"/>
    <property name="java.specification.vendor" value="Oracle Corporation"/>
    <property name="wire.generate.v2" value="false"/>
    <property name="java.home" value="/usr/lib/jvm/java-8-openjdk-amd64/jre"/>
    <property name="basedir" value="/home/zhilinw3/Chronicle-Wire"/>
    <property name="file.separator" value="/"/>
    <property name="line.separator" value="&#10;"/>
    <property name="nondexEnd" value="9223372036854775807"/>
    <property name="java.vm.specification.vendor" value="Oracle Corporation"/>
    <property name="java.specification.name" value="Java Platform API Specification"/>
    <property name="java.awt.graphicsenv" value="sun.awt.X11GraphicsEnvironment"/>
    <property name="nondexFilter" value=".*"/>
    <property name="nondexSeed" value="933178"/>
    <property name="surefire.real.class.path" value="/home/zhilinw3/Chronicle-Wire/target/surefire/surefirebooter2044087731707923362.jar"/>
    <property name="sun.boot.class.path" value="/home/zhilinw3/Chronicle-Wire/.nondex/nondex-instr.jar:/home/zhilinw3/.m2/repository/edu/illinois/nondex-common/1.1.2/nondex-common-1.1.2.jar:/home/zhilinw3/.m2/repository/edu/illinois/nondex-annotations/1.1.2/nondex-annotations-1.1.2.jar:/home/zhilinw3/Chronicle-Wire/.nondex/nondex-instr.jar:/home/zhilinw3/.m2/repository/edu/illinois/nondex-common/1.1.2/nondex-common-1.1.2.jar:/home/zhilinw3/.m2/repository/edu/illinois/nondex-annotations/1.1.2/nondex-annotations-1.1.2.jar:/usr/lib/jvm/java-8-openjdk-amd64/jre/lib/resources.jar:/usr/lib/jvm/java-8-openjdk-amd64/jre/lib/rt.jar:/usr/lib/jvm/java-8-openjdk-amd64/jre/lib/sunrsasign.jar:/usr/lib/jvm/java-8-openjdk-amd64/jre/lib/jsse.jar:/usr/lib/jvm/java-8-openjdk-amd64/jre/lib/jce.jar:/usr/lib/jvm/java-8-openjdk-amd64/jre/lib/charsets.jar:/usr/lib/jvm/java-8-openjdk-amd64/jre/lib/jfr.jar:/usr/lib/jvm/java-8-openjdk-amd64/jre/classes"/>
    <property name="disable.resource.warning" value="true"/>
    <property name="sun.management.compiler" value="HotSpot 64-Bit Tiered Compilers"/>
    <property name="java.runtime.version" value="1.8.0_292-8u292-b10-0ubuntu1~18.04-b10"/>
    <property name="user.name" value="zhilinw3"/>
    <property name="path.separator" value=":"/>
    <property name="os.version" value="4.15.0-154-generic"/>
    <property name="chronicle.announcer.disable" value="true"/>
    <property name="java.endorsed.dirs" value="/usr/lib/jvm/java-8-openjdk-amd64/jre/lib/endorsed"/>
    <property name="java.runtime.name" value="OpenJDK Runtime Environment"/>
    <property name="file.encoding" value="UTF-8"/>
    <property name="check.thread.safety" value="true"/>
    <property name="java.vm.name" value="OpenJDK 64-Bit Server VM"/>
    <property name="localRepository" value="/home/zhilinw3/.m2/repository"/>
    <property name="nondexDir" value="/home/zhilinw3/Chronicle-Wire/.nondex"/>
    <property name="java.vendor.url.bug" value="http://bugreport.sun.com/bugreport/"/>
    <property name="nondexJarDir" value="/home/zhilinw3/Chronicle-Wire/.nondex"/>
    <property name="java.io.tmpdir" value="/tmp"/>
    <property name="jvm.resource.tracing" value="true"/>
    <property name="java.version" value="1.8.0_292"/>
    <property name="user.dir" value="/home/zhilinw3/Chronicle-Wire"/>
    <property name="os.arch" value="amd64"/>
    <property name="nondexMode" value="FULL"/>
    <property name="java.vm.specification.name" value="Java Virtual Machine Specification"/>
    <property name="java.awt.printerjob" value="sun.print.PSPrinterJob"/>
    <property name="sun.os.patch.level" value="unknown"/>
    <property name="java.library.path" value="/usr/java/packages/lib/amd64:/usr/lib/x86_64-linux-gnu/jni:/lib/x86_64-linux-gnu:/usr/lib/x86_64-linux-gnu:/usr/lib/jni:/lib:/usr/lib"/>
    <property name="java.vendor" value="Private Build"/>
    <property name="java.vm.info" value="mixed mode"/>
    <property name="java.vm.version" value="25.292-b10"/>
    <property name="java.ext.dirs" value="/usr/lib/jvm/java-8-openjdk-amd64/jre/lib/ext:/usr/java/packages/lib/ext"/>
    <property name="sun.io.unicode.encoding" value="UnicodeLittle"/>
    <property name="java.class.version" value="52.0"/>
  </properties>
  <testcase name="deserialize2" classname="net.openhft.chronicle.wire.dynenum.WireDynamicEnumTest" time="0.888">
    <failure message="expected:&lt;...OUR&#10;}&#10;# 2, 4&#10;Update [!WDENum2 {&#10;  name: KING,&#10;  nice: King,&#10;  value: 112&#10;}]&#10;&#10;ONE = One = 1&#10;TWO ...&gt; but was:&lt;...OUR&#10;}&#10;# 2, 4&#10;Update [  name: KING,&#10;  nice: King,&#10;  value:112]&#10;&#10;ONE = One = 1&#10;TWO ...&gt;" type="org.junit.ComparisonFailure"><![CDATA[org.junit.ComparisonFailure: 
expected:<...OUR
}
# 2, 4
Update [!WDENum2 {
  name: KING,
  nice: King,
  value: 112
}]

ONE = One = 1
TWO ...> but was:<...OUR
}
# 2, 4
Update [  name: KING,
  nice: King,
  value:112]

ONE = One = 1
TWO ...>
	at net.openhft.chronicle.wire.dynenum.WireDynamicEnumTest.deserialize2(WireDynamicEnumTest.java:219)
]]></failure>
    <system-out><![CDATA[Zhilin prints out d's keys:   name: KING,
  nice: King,
  value:112

SEE if i can sort it  name: KING,
  nice: King,
  value:112

]]></system-out>
    <system-err><![CDATA[[main] INFO net.openhft.chronicle.core.Jvm - Chronicle core loaded from file:/home/zhilinw3/.m2/repository/net/openhft/chronicle-core/2.22ea3/chronicle-core-2.22ea3.jar
]]></system-err>
  </testcase>
</testsuite>